#options: 6000x4000 fps=24/1 timebase=1/24 bitdepth=8 cabac=1 ref=1 deblock=1:0:0 analyse=0x1:0 me=dia subme=2 psy=1 psy_rd=1.00:0.00 mixed_ref=0 me_range=16 chroma_me=1 trellis=0 8x8dct=0 cqm=0 deadzone=21,11 fast_pskip=1 chroma_qp_offset=0 threads=12 lookahead_threads=4 sliced_threads=0 nr=0 decimate=1 interlaced=0 bluray_compat=0 constrained_intra=0 bframes=3 b_pyramid=2 b_adapt=1 b_bias=0 direct=1 weightb=1 open_gop=0 weightp=2 keyint=250 keyint_min=24 scenecut=40 intra_refresh=0 rc_lookahead=40 rc=abr mbtree=1 bitrate=70425 ratetol=1.0 qcomp=0.60 qpmin=0 qpmax=69 qpstep=4 ip_ratio=1.40 aq=1:1.00
in:0 out:0 type:I dur:2 cpbdur:2 q:10.55 aq:3.96 tex:43844901 mv:2148717 misc:2494 imb:93750 pmb:0 smb:0 d:- ref:;
in:4 out:1 type:P dur:2 cpbdur:2 q:13.74 aq:6.85 tex:31748036 mv:392711 misc:23029 imb:57629 pmb:15038 smb:21083 d:- ref:0 ;
in:2 out:2 type:B dur:2 cpbdur:2 q:13.74 aq:8.17 tex:27893101 mv:718791 misc:28908 imb:40615 pmb:26154 smb:26981 d:- ref:0 ;
in:1 out:3 type:b dur:2 cpbdur:2 q:13.74 aq:8.68 tex:26197127 mv:725909 misc:28572 imb:37519 pmb:29090 smb:27141 d:- ref:0 ;
in:3 out:4 type:b dur:2 cpbdur:2 q:13.74 aq:8.67 tex:25972212 mv:697480 misc:29100 imb:38171 pmb:28122 smb:27457 d:- ref:0 ;
in:8 out:5 type:P dur:2 cpbdur:2 q:14.92 aq:7.78 tex:26990166 mv:391479 misc:25171 imb:55598 pmb:15027 smb:23125 d:- ref:0 w:7,125,0,7,125,3,125,3 ;
in:6 out:6 type:B dur:2 cpbdur:2 q:14.33 aq:8.63 tex:25467853 mv:703710 misc:29117 imb:39129 pmb:26741 smb:27880 d:- ref:0 ;
in:5 out:7 type:b dur:2 cpbdur:2 q:14.03 aq:9.01 tex:24547619 mv:696224 misc:29293 imb:36884 pmb:29035 smb:27831 d:- ref:0 ;
in:7 out:8 type:b dur:2 cpbdur:2 q:14.62 aq:9.59 tex:22871977 mv:696729 misc:29142 imb:36895 pmb:28402 smb:28453 d:- ref:0 ;
in:12 out:9 type:P dur:2 cpbdur:2 q:15.77 aq:8.50 tex:24469665 mv:388594 misc:25301 imb:54304 pmb:14808 smb:24638 d:- ref:0 w:6,63,0,7,126,2,125,3 ;
in:10 out:10 type:B dur:2 cpbdur:2 q:15.34 aq:9.63 tex:22156152 mv:713171 misc:29165 imb:39126 pmb:26042 smb:28582 d:- ref:0 ;
in:9 out:11 type:b dur:2 cpbdur:2 q:15.13 aq:10.16 tex:21514813 mv:701751 misc:28860 imb:37869 pmb:26825 smb:29056 d:- ref:0 ;
in:11 out:12 type:b dur:2 cpbdur:2 q:15.56 aq:10.49 tex:20372127 mv:677403 misc:28510 imb:38616 pmb:25553 smb:29581 d:- ref:0 ;
in:16 out:13 type:P dur:2 cpbdur:2 q:23.77 aq:17.31 tex:5556645 mv:400936 misc:22339 imb:47701 pmb:12727 smb:33322 d:- ref:0 w:7,127,0 ;
in:14 out:14 type:B dur:2 cpbdur:2 q:19.77 aq:14.60 tex:9721450 mv:742876 misc:25418 imb:29225 pmb:32208 smb:32317 d:- ref:0 ;
in:13 out:15 type:b dur:2 cpbdur:2 q:17.77 aq:13.11 tex:13791498 mv:724551 misc:26175 imb:35608 pmb:26739 smb:31403 d:- ref:0 ;
in:15 out:16 type:b dur:2 cpbdur:2 q:21.77 aq:17.88 tex:5477350 mv:613217 misc:27129 imb:26798 pmb:31598 smb:35354 d:- ref:0 ;
in:20 out:17 type:P dur:2 cpbdur:2 q:31.77 aq:26.05 tex:727586 mv:210721 misc:37733 imb:20654 pmb:10045 smb:63051 d:- ref:0 ;
in:18 out:18 type:B dur:2 cpbdur:2 q:27.77 aq:23.29 tex:978937 mv:406716 misc:52923 imb:20281 pmb:23403 smb:50066 d:- ref:0 ;
in:17 out:19 type:b dur:2 cpbdur:2 q:25.77 aq:22.25 tex:1328322 mv:384440 misc:51830 imb:14147 pmb:31096 smb:48507 d:- ref:0 ;
in:19 out:20 type:b dur:2 cpbdur:2 q:29.77 aq:26.10 tex:294040 mv:195167 misc:56081 imb:5099 pmb:19947 smb:68704 d:- ref:0 ;
in:24 out:21 type:P dur:2 cpbdur:2 q:38.79 aq:33.60 tex:285929 mv:123456 misc:31663 imb:10004 pmb:6472 smb:77274 d:- ref:0 w:6,63,0 ;
in:22 out:22 type:B dur:2 cpbdur:2 q:35.28 aq:30.12 tex:256562 mv:317915 misc:45723 imb:27965 pmb:14346 smb:51439 d:- ref:0 ;
in:21 out:23 type:b dur:2 cpbdur:2 q:33.52 aq:29.71 tex:175234 mv:123730 misc:36676 imb:2121 pmb:11510 smb:80119 d:- ref:0 ;
in:23 out:24 type:b dur:2 cpbdur:2 q:37.03 aq:33.82 tex:131440 mv:84856 misc:28912 imb:1579 pmb:7577 smb:84594 d:- ref:0 ;
in:28 out:25 type:P dur:2 cpbdur:2 q:38.63 aq:33.26 tex:293382 mv:144102 misc:33316 imb:15332 pmb:7084 smb:71334 d:- ref:0 w:5,31,0,7,124,4,123,5 ;
in:26 out:26 type:B dur:2 cpbdur:2 q:38.71 aq:34.57 tex:97525 mv:92143 misc:28596 imb:1830 pmb:7892 smb:84028 d:- ref:0 ;
in:25 out:27 type:b dur:2 cpbdur:2 q:38.75 aq:35.93 tex:70672 mv:59136 misc:23544 imb:1041 pmb:5829 smb:86880 d:- ref:0 ;
in:27 out:28 type:b dur:2 cpbdur:2 q:38.67 aq:35.17 tex:65968 mv:73241 misc:28567 imb:1478 pmb:6953 smb:85319 d:- ref:0 ;
in:32 out:29 type:P dur:2 cpbdur:2 q:37.96 aq:32.48 tex:262024 mv:135708 misc:34644 imb:13172 pmb:7753 smb:72825 d:- ref:0 w:7,125,0,6,63,2,62,4 ;
in:30 out:30 type:B dur:2 cpbdur:2 q:38.29 aq:34.58 tex:131515 mv:103882 misc:33819 imb:2700 pmb:8952 smb:82098 d:- ref:0 ;
in:29 out:31 type:b dur:2 cpbdur:2 q:38.46 aq:34.23 tex:65222 mv:63018 misc:26024 imb:1046 pmb:6597 smb:86107 d:- ref:0 ;
in:31 out:32 type:b dur:2 cpbdur:2 q:38.13 aq:34.04 tex:49741 mv:51387 misc:23608 imb:745 pmb:5951 smb:87054 d:- ref:0 ;
in:36 out:33 type:P dur:2 cpbdur:2 q:36.78 aq:31.47 tex:313546 mv:154963 misc:40163 imb:19389 pmb:7722 smb:66639 d:- ref:0 ;
in:34 out:34 type:B dur:2 cpbdur:2 q:37.37 aq:33.61 tex:82332 mv:84271 misc:29381 imb:1880 pmb:7630 smb:84240 d:- ref:0 ;
in:33 out:35 type:b dur:2 cpbdur:2 q:37.67 aq:34.22 tex:71799 mv:63052 misc:27837 imb:1322 pmb:6780 smb:85648 d:- ref:0 ;
in:35 out:36 type:b dur:2 cpbdur:2 q:37.08 aq:33.86 tex:62324 mv:58849 misc:25675 imb:1051 pmb:6321 smb:86378 d:- ref:0 ;
in:40 out:37 type:P dur:2 cpbdur:2 q:35.79 aq:30.05 tex:370124 mv:162666 misc:41466 imb:16177 pmb:8667 smb:68906 d:- ref:0 w:7,125,0,7,125,3,123,5 ;
in:38 out:38 type:B dur:2 cpbdur:2 q:36.29 aq:31.94 tex:106465 mv:94367 misc:33784 imb:2027 pmb:9443 smb:82280 d:- ref:0 ;
in:37 out:39 type:b dur:2 cpbdur:2 q:36.54 aq:32.25 tex:128813 mv:73464 misc:27947 imb:1465 pmb:7025 smb:85260 d:- ref:0 ;
in:39 out:40 type:b dur:2 cpbdur:2 q:36.04 aq:32.76 tex:94211 mv:74197 misc:31976 imb:1232 pmb:8187 smb:84331 d:- ref:0 ;
in:44 out:41 type:P dur:2 cpbdur:2 q:34.88 aq:29.01 tex:464257 mv:192780 misc:43923 imb:21430 pmb:9585 smb:62735 d:- ref:0 w:7,123,1,7,124,4,121,7 ;
in:42 out:42 type:B dur:2 cpbdur:2 q:35.34 aq:30.45 tex:159415 mv:121911 misc:39714 imb:2789 pmb:11110 smb:79851 d:- ref:0 ;
in:41 out:43 type:b dur:2 cpbdur:2 q:35.56 aq:30.95 tex:163441 mv:99764 misc:35987 imb:2161 pmb:10075 smb:81514 d:- ref:0 ;
in:43 out:44 type:b dur:2 cpbdur:2 q:35.11 aq:31.02 tex:93515 mv:109084 misc:46481 imb:4081 pmb:11051 smb:78618 d:- ref:0 ;
in:48 out:45 type:P dur:2 cpbdur:2 q:34.10 aq:27.81 tex:440914 mv:190108 misc:43658 imb:22657 pmb:10100 smb:60993 d:- ref:0 w:6,63,0,7,125,3,122,6 ;
in:46 out:46 type:B dur:2 cpbdur:2 q:34.49 aq:29.79 tex:111342 mv:100054 misc:45636 imb:2601 pmb:12213 smb:78936 d:- ref:0 ;
in:45 out:47 type:b dur:2 cpbdur:2 q:34.68 aq:31.22 tex:77992 mv:71635 misc:36381 imb:1214 pmb:9916 smb:82620 d:- ref:0 ;
in:47 out:48 type:b dur:2 cpbdur:2 q:34.29 aq:29.98 tex:59733 mv:79556 misc:44447 imb:2416 pmb:10615 smb:80719 d:- ref:0 ;
in:52 out:49 type:P dur:2 cpbdur:2 q:33.40 aq:26.33 tex:489908 mv:201376 misc:44524 imb:24295 pmb:10253 smb:59202 d:- ref:0 w:5,31,0,5,31,4,30,8 ;
in:50 out:50 type:B dur:2 cpbdur:2 q:33.75 aq:29.22 tex:178770 mv:111019 misc:39323 imb:2351 pmb:11651 smb:79748 d:- ref:0 ;
in:49 out:51 type:b dur:2 cpbdur:2 q:33.93 aq:29.88 tex:88455 mv:99286 misc:47107 imb:2899 pmb:12291 smb:78560 d:- ref:0 ;
in:51 out:52 type:b dur:2 cpbdur:2 q:33.58 aq:29.17 tex:116675 mv:126068 misc:48225 imb:4447 pmb:13128 smb:76175 d:- ref:0 ;
in:56 out:53 type:P dur:2 cpbdur:2 q:32.82 aq:25.87 tex:475791 mv:185731 misc:43214 imb:18343 pmb:10070 smb:65337 d:- ref:0 w:5,31,0,7,125,3,122,6 ;
in:54 out:54 type:B dur:2 cpbdur:2 q:33.11 aq:27.59 tex:202196 mv:143959 misc:50573 imb:3428 pmb:16476 smb:73846 d:- ref:0 ;
in:53 out:55 type:b dur:2 cpbdur:2 q:33.26 aq:28.63 tex:254483 mv:300632 misc:43581 imb:23496 pmb:19205 smb:51049 d:- ref:0 ;
in:55 out:56 type:b dur:2 cpbdur:2 q:32.96 aq:28.89 tex:149960 mv:103451 misc:43917 imb:1565 pmb:12798 smb:79387 d:- ref:0 ;
in:60 out:57 type:P dur:2 cpbdur:2 q:32.31 aq:24.80 tex:713118 mv:232653 misc:47109 imb:27912 pmb:10246 smb:55592 d:- ref:0 w:7,125,0,6,64,0,61,6 ;
in:58 out:58 type:B dur:2 cpbdur:2 q:32.57 aq:27.11 tex:241749 mv:137673 misc:46914 imb:2532 pmb:15265 smb:75953 d:- ref:0 ;
in:57 out:59 type:b dur:2 cpbdur:2 q:32.69 aq:28.36 tex:142261 mv:101674 misc:44097 imb:1646 pmb:12878 smb:79226 d:- ref:0 ;
in:59 out:60 type:b dur:2 cpbdur:2 q:32.44 aq:27.31 tex:254423 mv:143318 misc:50651 imb:2804 pmb:16280 smb:74666 d:- ref:0 ;
in:64 out:61 type:P dur:2 cpbdur:2 q:31.81 aq:24.66 tex:719893 mv:218952 misc:48715 imb:24162 pmb:9983 smb:59605 d:- ref:0 ;
in:62 out:62 type:B dur:2 cpbdur:2 q:32.06 aq:27.07 tex:282657 mv:151840 misc:50287 imb:2898 pmb:16938 smb:73914 d:- ref:0 ;
in:61 out:63 type:b dur:2 cpbdur:2 q:32.19 aq:27.24 tex:203347 mv:117235 misc:44106 imb:1586 pmb:13886 smb:78278 d:- ref:0 ;
in:63 out:64 type:b dur:2 cpbdur:2 q:31.93 aq:27.34 tex:202094 mv:114616 misc:42034 imb:1769 pmb:12770 smb:79211 d:- ref:0 ;
in:68 out:65 type:P dur:2 cpbdur:2 q:31.18 aq:24.22 tex:662871 mv:206419 misc:44886 imb:20100 pmb:10810 smb:62840 d:- ref:0 w:5,31,0,6,63,2,62,4 ;
in:66 out:66 type:B dur:2 cpbdur:2 q:31.49 aq:26.51 tex:297787 mv:154184 misc:51541 imb:2866 pmb:17783 smb:73101 d:- ref:0 ;
in:65 out:67 type:b dur:2 cpbdur:2 q:31.65 aq:27.15 tex:219009 mv:128450 misc:48317 imb:2097 pmb:15415 smb:76238 d:- ref:0 ;
in:67 out:68 type:b dur:2 cpbdur:2 q:31.34 aq:26.61 tex:197224 mv:128127 misc:51961 imb:2113 pmb:16865 smb:74772 d:- ref:0 ;
in:72 out:69 type:P dur:2 cpbdur:2 q:30.56 aq:23.09 tex:745458 mv:222692 misc:48882 imb:23054 pmb:11067 smb:59629 d:- ref:0 ;
in:70 out:70 type:B dur:2 cpbdur:2 q:30.87 aq:25.76 tex:273003 mv:159977 misc:51076 imb:3960 pmb:16404 smb:73386 d:- ref:0 ;
in:69 out:71 type:b dur:2 cpbdur:2 q:31.02 aq:26.41 tex:221400 mv:132473 misc:43663 imb:2405 pmb:14580 smb:76765 d:- ref:0 ;
in:71 out:72 type:b dur:2 cpbdur:2 q:30.71 aq:26.17 tex:229482 mv:121521 misc:44293 imb:2359 pmb:14153 smb:77238 d:- ref:0 ;
in:76 out:73 type:P dur:2 cpbdur:2 q:29.94 aq:23.15 tex:851704 mv:226112 misc:47144 imb:23773 pmb:11772 smb:58205 d:- ref:0 ;
in:74 out:74 type:B dur:2 cpbdur:2 q:30.25 aq:25.14 tex:375687 mv:220772 misc:55029 imb:8602 pmb:20104 smb:65044 d:- ref:0 ;
in:73 out:75 type:b dur:2 cpbdur:2 q:30.40 aq:25.77 tex:214180 mv:129632 misc:46188 imb:2480 pmb:14725 smb:76545 d:- ref:0 ;
in:75 out:76 type:b dur:2 cpbdur:2 q:30.09 aq:25.97 tex:270259 mv:144880 misc:50973 imb:3467 pmb:16947 smb:73336 d:- ref:0 ;
in:80 out:77 type:P dur:2 cpbdur:2 q:29.35 aq:22.57 tex:1023651 mv:268752 misc:39749 imb:34557 pmb:11201 smb:47992 d:- ref:0 w:7,125,0,7,125,3,123,5 ;
in:78 out:78 type:B dur:2 cpbdur:2 q:29.64 aq:25.03 tex:378962 mv:185357 misc:55297 imb:4390 pmb:23745 smb:65615 d:- ref:0 ;
in:77 out:79 type:b dur:2 cpbdur:2 q:29.79 aq:25.71 tex:307553 mv:147479 misc:52240 imb:2728 pmb:18519 smb:72503 d:- ref:0 ;
in:79 out:80 type:b dur:2 cpbdur:2 q:29.49 aq:25.28 tex:316820 mv:154874 misc:57018 imb:3463 pmb:22085 smb:68202 d:- ref:0 ;
in:84 out:81 type:P dur:2 cpbdur:2 q:28.79 aq:21.60 tex:1105675 mv:248387 misc:47194 imb:25345 pmb:12163 smb:56242 d:- ref:0 ;
in:82 out:82 type:B dur:2 cpbdur:2 q:29.07 aq:24.09 tex:501028 mv:176706 misc:48626 imb:4573 pmb:17972 smb:71205 d:- ref:0 ;
in:81 out:83 type:b dur:2 cpbdur:2 q:29.21 aq:25.02 tex:493987 mv:317488 misc:46821 imb:20868 pmb:23130 smb:49752 d:- ref:0 ;
in:83 out:84 type:b dur:2 cpbdur:2 q:28.93 aq:24.62 tex:407723 mv:163747 misc:52434 imb:4243 pmb:18795 smb:70712 d:- ref:0 ;
in:87 out:85 type:P dur:2 cpbdur:2 q:28.26 aq:19.18 tex:1326316 mv:361416 misc:20876 imb:70436 pmb:18392 smb:4922 d:- ref:0 w:7,125,0,5,32,0,31,3 ;
in:85 out:86 type:B dur:2 cpbdur:2 q:28.61 aq:24.37 tex:483125 mv:167939 misc:48352 imb:3923 pmb:17962 smb:71865 d:- ref:0 ;
in:86 out:87 type:b dur:2 cpbdur:2 q:28.44 aq:23.55 tex:542603 mv:197347 misc:57442 imb:4660 pmb:23669 smb:65421 d:- ref:0 ;
in:88 out:88 type:I dur:2 cpbdur:2 q:27.72 aq:17.98 tex:2741027 mv:639275 misc:2018 imb:93750 pmb:0 smb:0 d:- ref:;
in:92 out:89 type:P dur:2 cpbdur:2 q:27.89 aq:21.73 tex:1444482 mv:292486 misc:38712 imb:34068 pmb:13038 smb:46644 d:- ref:0 w:5,31,0,6,64,0,63,2 ;
in:90 out:90 type:B dur:2 cpbdur:2 q:27.89 aq:22.86 tex:820311 mv:255639 misc:56986 imb:8797 pmb:25314 smb:59639 d:- ref:0 ;
in:89 out:91 type:b dur:2 cpbdur:2 q:27.89 aq:23.29 tex:723964 mv:258879 misc:56821 imb:9762 pmb:26218 smb:57770 d:- ref:0 ;
in:91 out:92 type:b dur:2 cpbdur:2 q:27.89 aq:23.32 tex:755724 mv:281310 misc:52886 imb:12082 pmb:28299 smb:53369 d:- ref:0 ;
in:96 out:93 type:P dur:2 cpbdur:2 q:27.44 aq:20.99 tex:1794163 mv:329377 misc:29108 imb:41167 pmb:11892 smb:40691 d:- ref:0 w:7,123,1,7,125,3,123,5 ;
in:94 out:94 type:B dur:2 cpbdur:2 q:27.67 aq:22.60 tex:867615 mv:244525 misc:54988 imb:7276 pmb:24713 smb:61761 d:- ref:0 ;
in:93 out:95 type:b dur:2 cpbdur:2 q:27.78 aq:23.28 tex:673737 mv:214259 misc:56644 imb:6456 pmb:24139 smb:63155 d:- ref:0 ;
in:95 out:96 type:b dur:2 cpbdur:2 q:27.56 aq:23.04 tex:748673 mv:217938 misc:56757 imb:6275 pmb:24825 smb:62650 d:- ref:0 ;
in:100 out:97 type:P dur:2 cpbdur:2 q:27.08 aq:20.86 tex:1846074 mv:302581 misc:42609 imb:33047 pmb:13106 smb:47597 d:- ref:0 ;
in:98 out:98 type:B dur:2 cpbdur:2 q:27.26 aq:22.16 tex:1184045 mv:310129 misc:54610 imb:11948 pmb:26134 smb:55668 d:- ref:0 ;
in:97 out:99 type:b dur:2 cpbdur:2 q:27.35 aq:22.64 tex:880682 mv:255904 misc:56214 imb:7938 pmb:25173 smb:60639 d:- ref:0 ;
in:99 out:100 type:b dur:2 cpbdur:2 q:27.17 aq:22.32 tex:1040624 mv:303377 misc:55231 imb:11830 pmb:27622 smb:54298 d:- ref:0 ;
in:104 out:101 type:P dur:2 cpbdur:2 q:26.82 aq:20.17 tex:2210835 mv:341269 misc:26480 imb:42312 pmb:11835 smb:39603 d:- ref:0 w:6,61,1,7,124,4,121,7 ;
in:102 out:102 type:B dur:2 cpbdur:2 q:26.95 aq:21.72 tex:1399867 mv:343699 misc:52482 imb:13476 pmb:28720 smb:51554 d:- ref:0 ;
in:101 out:103 type:b dur:2 cpbdur:2 q:27.01 aq:22.52 tex:1604551 mv:467831 misc:27050 imb:29281 pmb:23929 smb:40540 d:- ref:0 ;
in:103 out:104 type:b dur:2 cpbdur:2 q:26.88 aq:22.16 tex:1190115 mv:320276 misc:53369 imb:12674 pmb:28467 smb:52609 d:- ref:0 ;
in:108 out:105 type:P dur:2 cpbdur:2 q:26.58 aq:20.11 tex:2311472 mv:344060 misc:23996 imb:42213 pmb:12162 smb:39375 d:- ref:0 w:7,123,1,7,125,3,122,6 ;
in:106 out:106 type:B dur:2 cpbdur:2 q:26.70 aq:21.63 tex:1413258 mv:312410 misc:50732 imb:11954 pmb:29642 smb:52154 d:- ref:0 ;
in:105 out:107 type:b dur:2 cpbdur:2 q:26.76 aq:22.10 tex:1199789 mv:322755 misc:50040 imb:13416 pmb:29320 smb:51014 d:- ref:0 ;
in:107 out:108 type:b dur:2 cpbdur:2 q:26.64 aq:22.21 tex:1156861 mv:281611 misc:52728 imb:10863 pmb:29174 smb:53713 d:- ref:0 ;
in:112 out:109 type:P dur:2 cpbdur:2 q:26.33 aq:20.02 tex:2457419 mv:338076 misc:33825 imb:38080 pmb:12654 smb:43016 d:- ref:0 ;
in:110 out:110 type:B dur:2 cpbdur:2 q:26.45 aq:21.48 tex:1536630 mv:353118 misc:49316 imb:14546 pmb:28480 smb:50724 d:- ref:0 ;
in:109 out:111 type:b dur:2 cpbdur:2 q:26.52 aq:21.96 tex:1145316 mv:275530 misc:53754 imb:10678 pmb:26489 smb:56583 d:- ref:0 ;
in:111 out:112 type:b dur:2 cpbdur:2 q:26.39 aq:21.64 tex:1324906 mv:330634 misc:50772 imb:14600 pmb:27309 smb:51841 d:- ref:0 ;
in:116 out:113 type:P dur:2 cpbdur:2 q:26.16 aq:19.53 tex:2643829 mv:342595 misc:31408 imb:38405 pmb:13205 smb:42140 d:- ref:0 ;
in:114 out:114 type:B dur:2 cpbdur:2 q:26.24 aq:20.93 tex:1741366 mv:346752 misc:47002 imb:15275 pmb:28562 smb:49913 d:- ref:0 ;
in:113 out:115 type:b dur:2 cpbdur:2 q:26.28 aq:21.44 tex:1570837 mv:403449 misc:39026 imb:22083 pmb:26923 smb:44744 d:- ref:0 ;
in:115 out:116 type:b dur:2 cpbdur:2 q:26.20 aq:21.60 tex:1797915 mv:453770 misc:26851 imb:31884 pmb:20508 smb:41358 d:- ref:0 ;
in:120 out:117 type:P dur:2 cpbdur:2 q:26.08 aq:19.97 tex:2539054 mv:349127 misc:23163 imb:43525 pmb:11299 smb:38926 d:- ref:0 w:7,121,1,7,123,5,120,8 ;
in:118 out:118 type:B dur:2 cpbdur:2 q:26.12 aq:20.66 tex:1752652 mv:393349 misc:43951 imb:21678 pmb:23900 smb:48172 d:- ref:0 ;
in:117 out:119 type:b dur:2 cpbdur:2 q:26.14 aq:21.16 tex:1563649 mv:372487 misc:45024 imb:20595 pmb:24001 smb:49154 d:- ref:0 ;
in:119 out:120 type:b dur:2 cpbdur:2 q:26.10 aq:21.16 tex:1510802 mv:360051 misc:45835 imb:16925 pmb:28246 smb:48579 d:- ref:0 ;
in:124 out:121 type:P dur:2 cpbdur:2 q:26.01 aq:19.75 tex:2473713 mv:345661 misc:22474 imb:43152 pmb:11244 smb:39354 d:- ref:0 ;
in:122 out:122 type:B dur:2 cpbdur:2 q:26.05 aq:20.75 tex:1716730 mv:338946 misc:47516 imb:14113 pmb:29563 smb:50074 d:- ref:0 ;
in:121 out:123 type:b dur:2 cpbdur:2 q:26.06 aq:21.24 tex:1835213 mv:367256 misc:38211 imb:18292 pmb:30347 smb:45111 d:- ref:0 ;
in:123 out:124 type:b dur:2 cpbdur:2 q:26.03 aq:21.23 tex:1503471 mv:336707 misc:46622 imb:15744 pmb:28863 smb:49143 d:- ref:0 ;
in:128 out:125 type:P dur:2 cpbdur:2 q:25.92 aq:20.27 tex:2346558 mv:327932 misc:33414 imb:37061 pmb:12818 smb:43871 d:- ref:0 ;
in:126 out:126 type:B dur:2 cpbdur:2 q:25.97 aq:20.88 tex:1748064 mv:360218 misc:44534 imb:16911 pmb:28667 smb:48172 d:- ref:0 ;
in:125 out:127 type:b dur:2 cpbdur:2 q:25.99 aq:21.35 tex:1435214 mv:290575 misc:52219 imb:11935 pmb:26941 smb:54874 d:- ref:0 ;
in:127 out:128 type:b dur:2 cpbdur:2 q:25.95 aq:21.31 tex:1567426 mv:340356 misc:46130 imb:15255 pmb:29368 smb:49127 d:- ref:0 ;
in:129 out:129 type:P dur:2 cpbdur:2 q:25.89 aq:21.35 tex:2104605 mv:299580 misc:38079 imb:33213 pmb:13727 smb:46810 d:- ref:0 ;
